<?xml version="1.0" encoding="UTF-8"?>
<testsuite name="GuiTest" tests="1" skipped="0" failures="0" errors="0" timestamp="2025-08-03T12:17:37" hostname="MacBook-Anastasiya.local" time="14.707">
  <properties/>
  <testcase name="googleSearchSeleniumTest()" classname="GuiTest" time="14.707"/>
  <system-out><![CDATA[]]></system-out>
  <system-err><![CDATA[SLF4J(W): No SLF4J providers were found.
SLF4J(W): Defaulting to no-operation (NOP) logger implementation
SLF4J(W): See https://www.slf4j.org/codes.html#noProviders for further details.
Aug 03, 2025 3:17:43 PM org.openqa.selenium.devtools.CdpVersionFinder findNearestMatch
WARNING: Unable to find CDP implementation matching 138
Aug 03, 2025 3:17:43 PM org.openqa.selenium.chromium.ChromiumDriver lambda$new$5
WARNING: Unable to find version of CDP to use for 138.0.7204.184. You may need to include a dependency on a specific version of the CDP using something similar to `org.seleniumhq.selenium:selenium-devtools-v86:4.21.0` where the version ("v86") matches the version of the chromium-based browser you're using and the version number of the artifact is the same as Selenium's.
]]></system-err>
</testsuite>
